Netgen 1.5.282 compiled on Mon Oct 14 14:23:08 +07 2024
Warning: netgen command 'format' use fully-qualified name '::netgen::format'
Warning: netgen command 'global' use fully-qualified name '::netgen::global'
Reading netlist file /home/pande_02/MSIB/ring_osilator/ring0sc3.ext.spc
Call to undefined subcircuit sky130_fd_pr__nfet_01v8
Creating placeholder cell definition.
Call to undefined subcircuit sky130_fd_pr__pfet_01v8
Creating placeholder cell definition.
Reading netlist file /home/pande_02/MSIB/ring_osilator/ring0sc3.sch.spc
Call to undefined subcircuit modul_inv
Creating placeholder cell definition.

Reading setup file /home/pande_02/pdk/sky130A/libs.tech/netgen/sky130A_setup.tcl

Model sky130_fd_pr__nfet_01v8 pin 1 == 3
No property mult found for device sky130_fd_pr__nfet_01v8
No property sa found for device sky130_fd_pr__nfet_01v8
No property sb found for device sky130_fd_pr__nfet_01v8
No property sd found for device sky130_fd_pr__nfet_01v8
No property nf found for device sky130_fd_pr__nfet_01v8
No property nrd found for device sky130_fd_pr__nfet_01v8
No property nrs found for device sky130_fd_pr__nfet_01v8
No property area found for device sky130_fd_pr__nfet_01v8
No property perim found for device sky130_fd_pr__nfet_01v8
No property topography found for device sky130_fd_pr__nfet_01v8
Model sky130_fd_pr__pfet_01v8 pin 1 == 3
No property mult found for device sky130_fd_pr__pfet_01v8
No property sa found for device sky130_fd_pr__pfet_01v8
No property sb found for device sky130_fd_pr__pfet_01v8
No property sd found for device sky130_fd_pr__pfet_01v8
No property nf found for device sky130_fd_pr__pfet_01v8
No property nrd found for device sky130_fd_pr__pfet_01v8
No property nrs found for device sky130_fd_pr__pfet_01v8
No property area found for device sky130_fd_pr__pfet_01v8
No property perim found for device sky130_fd_pr__pfet_01v8
No property topography found for device sky130_fd_pr__pfet_01v8
Comparison output logged to file /home/pande_02/MSIB/ring_osilator/ring0sc3.lvs.out
Logging to file "/home/pande_02/MSIB/ring_osilator/ring0sc3.lvs.out" enabled

Contents of circuit 1:  Circuit: 'modul_inv'
Circuit modul_inv contains 2 device instances.
  Class: sky130_fd_pr__nfet_01v8 instances:   1
  Class: sky130_fd_pr__pfet_01v8 instances:   1
Circuit contains 4 nets.
Contents of circuit 2:  Circuit: 'modul_inv'
Circuit modul_inv contains 0 device instances.
Circuit contains 0 nets, and 4 disconnected pins.

Circuit modul_inv contains no devices.

Contents of circuit 1:  Circuit: 'ring0sc3'
Circuit ring0sc3 contains 3 device instances.
  Class: modul_inv             instances:   3
Circuit contains 5 nets.
Contents of circuit 2:  Circuit: 'ring0sc3'
Circuit ring0sc3 contains 3 device instances.
  Class: modul_inv             instances:   3
Circuit contains 5 nets.

Circuit 1 contains 3 devices, Circuit 2 contains 3 devices.
Circuit 1 contains 5 nets,    Circuit 2 contains 5 nets.


Final result: 
Circuits match uniquely.
.
Logging to file "/home/pande_02/MSIB/ring_osilator/ring0sc3.lvs.out" disabled
LVS Done.
